-------------------------------------------------------------------------------
Test set: org.example.Testcase
-------------------------------------------------------------------------------
Tests run: 1, Failures: 1, Errors: 0, Skipped: 0, Time elapsed: 0.995 sec <<< FAILURE!
RunTestcase(org.example.Testcase)  Time elapsed: 0.019 sec  <<< FAILURE!
java.lang.NullPointerException
	at org.example.Testcase.RunTestcase(Testcase.java:13)

