<?xml version="1.0" encoding="UTF-8"?>
<!-- Generated by org.testng.reporters.JUnitXMLReporter -->
<testsuite hostname="MotasemAyoub" ignored="0" name="Command line test" tests="1" failures="1" timestamp="2023-01-03T09:44:22 EET" time="0.065" errors="0">
  <testcase name="RunTestcase" time="0.009" classname="org.example.Testcase">
    <failure type="java.lang.NullPointerException">
      <![CDATA[java.lang.NullPointerException
at org.example.Testcase.RunTestcase(Testcase.java:13)
at java.util.ArrayList.forEach(ArrayList.java:1249)
... Removed 36 stack frames]]>
    </failure>
  </testcase> <!-- RunTestcase -->
</testsuite> <!-- Command line test -->
